[20:12:16] [main/INFO]: Loading Minecraft 26.2 with Fabric Loader 0.19.3
[20:12:16] [main/INFO]: Mappings not present!
[20:12:16] [main/INFO]: Loading 48 mods:
	- fabric-api 0.153.0+26.2
	   |-- fabric-api-base 2.0.4+ece063239e
	   |-- fabric-api-lookup-api-v1 2.0.17+11e1c9a39e
	   |-- fabric-biome-api-v1 18.0.6+c7bd5b8e9e
	   |-- fabric-block-api-v1 3.0.3+ec56b6019e
	   |-- fabric-block-getter-api-v2 2.0.7+ec56b6019e
	   |-- fabric-command-api-v2 3.1.0+00cb03469e
	   |-- fabric-content-registries-v0 11.2.2+b7a678a99e
	   |-- fabric-convention-tags-v2 4.7.0+1f023a9e9e
	   |-- fabric-crash-report-info-v1 1.0.5+086d547a9e
	   |-- fabric-creative-tab-api-v1 5.0.14+d871b99e9e
	   |-- fabric-data-attachment-api-v1 2.2.16+aa0fd6fe9e
	   |-- fabric-data-generation-api-v1 25.4.3+5e56e5409e
	   |-- fabric-debug-api-v1 1.0.2+c792624d9e
	   |-- fabric-dimensions-v1 5.1.9+9cbf5da59e
	   |-- fabric-entity-events-v1 5.0.5+06488ac19e
	   |-- fabric-events-interaction-v0 5.2.6+8f57f7ee9e
	   |-- fabric-game-rule-api-v1 4.0.8+46a6d00c9e
	   |-- fabric-item-api-v1 14.2.0+7aec7be39e
	   |-- fabric-key-mapping-api-v1 2.0.5+e2bdee789e
	   |-- fabric-lifecycle-events-v1 4.1.3+4575b05f9e
	   |-- fabric-loot-api-v3 3.0.17+06488ac19e
	   |-- fabric-menu-api-v1 2.0.16+086d547a9e
	   |-- fabric-message-api-v1 7.0.7+086d547a9e
	   |-- fabric-model-loading-api-v1 8.0.13+c80601bb9e
	   |-- fabric-networking-api-v1 6.3.3+72073ef09e
	   |-- fabric-object-builder-api-v1 24.0.6+46a6d00c9e
	   |-- fabric-particles-v1 5.0.18+d1756aa99e
	   |-- fabric-permission-api-v1 1.0.2+7c33558a9e
	   |-- fabric-recipe-api-v1 9.0.20+11e1c9a39e
	   |-- fabric-registry-sync-v0 7.1.0+c7bd5b8e9e
	   |-- fabric-renderer-api-v1 14.1.0+2b0d8a229e
	   |-- fabric-renderer-indigo 9.1.0+2b0d8a229e
	   |-- fabric-rendering-fluids-v1 6.0.4+06488ac19e
	   |-- fabric-rendering-v1 25.2.0+2b0d8a229e
	   |-- fabric-resource-conditions-api-v1 6.1.0+10e9a28b9e
	   |-- fabric-resource-loader-v0 3.3.20+4fc5413f9e
	   |-- fabric-resource-loader-v1 2.0.13+9edec1269e
	   |-- fabric-screen-api-v1 5.0.4+ffbe97199e
	   |-- fabric-serialization-api-v1 2.0.4+11a26f319e
	   |-- fabric-sound-api-v1 2.0.5+11a26f319e
	   |-- fabric-tag-api-v1 2.1.3+794df31d9e
	   |-- fabric-transfer-api-v1 8.0.11+39b5a3929e
	   \-- fabric-transitive-access-wideners-v1 8.1.3+e098252d9e
	- fabricloader 0.19.3
	   \-- mixinextras 0.5.4
	- java 25
	- lithostitched 1.7.13
	- minecraft 26.2
	- servercore 1.5.19+26.2
	   |-- org_yaml_snakeyaml 2.6
	   |-- placeholder-api 3.1.0-beta.1+26.2
	   |-- space_arim_dazzleconf_dazzleconf-core 1.3.0-M2
	   \-- space_arim_dazzleconf_dazzleconf-ext-snakeyaml 1.3.0-M2
	- terralith 2.6.4
[20:12:16] [main/INFO]: SpongePowered MIXIN Subsystem Version=0.8.7 Source=file:/C:/Users/Gabbis/Downloads/SERVER/libraries/net/fabricmc/sponge-mixin/0.17.3+mixin.0.8.7/sponge-mixin-0.17.3+mixin.0.8.7.jar Service=Knot/Fabric Env=SERVER
[20:12:16] [main/INFO]: Compatibility level set to JAVA_25
[20:12:16] [main/INFO]: Initializing MixinExtras via com.llamalad7.mixinextras.service.MixinExtrasServiceImpl(version=0.5.4).
[20:12:20] [main/INFO]: [ServerCore] Loaded V1.5.19+26.2!
[20:12:20] [main/INFO]: Environment: Environment[sessionHost=https://sessionserver.mojang.com, servicesHost=https://api.minecraftservices.com, profilesHost=https://api.mojang.com, name=PROD]
[20:12:20] [main/INFO]: Found new data pack fabric-convention-tags-v2, loading it automatically
[20:12:20] [main/INFO]: Found new data pack lithostitched, loading it automatically
[20:12:20] [main/INFO]: Found new data pack terralith, loading it automatically
[20:12:20] [Worker-Main-18/INFO]: No existing world data, creating new world
[20:12:21] [main/INFO]: Loaded 1585 recipes
[20:12:21] [main/INFO]: Loaded 1688 advancements
[20:12:21] [main/INFO]: Applied 0 biome modifications to 0 of 161 new biomes in 1.766 ms
[20:12:22] [Server thread/INFO]: Starting minecraft server version 26.2
[20:12:22] [Server thread/INFO]: Loading properties
[20:12:22] [Server thread/INFO]: Default game type: SURVIVAL
[20:12:22] [Server thread/INFO]: Generating keypair
[20:12:22] [Server console handler/ERROR]: Exception handling console input
java.io.IOException: Identificador inválido
	at java.base/java.io.FileInputStream.readBytes(Native Method)
	at java.base/java.io.FileInputStream.read(FileInputStream.java:281)
	at java.base/java.lang.System$In.read(System.java:1872)
	at java.base/java.io.BufferedInputStream.read1(BufferedInputStream.java:328)
	at java.base/java.io.BufferedInputStream.read(BufferedInputStream.java:388)
	at java.base/sun.nio.cs.StreamDecoder.readBytes(StreamDecoder.java:279)
	at java.base/sun.nio.cs.StreamDecoder.implRead(StreamDecoder.java:322)
	at java.base/sun.nio.cs.StreamDecoder.read(StreamDecoder.java:186)
	at java.base/java.io.InputStreamReader.read(InputStreamReader.java:183)
	at java.base/java.io.BufferedReader.fill(BufferedReader.java:166)
	at java.base/java.io.BufferedReader.readLine(BufferedReader.java:333)
	at java.base/java.io.BufferedReader.readLine(BufferedReader.java:400)
	at knot//net.minecraft.server.dedicated.DedicatedServer$1.run(DedicatedServer.java:146)
[20:12:22] [Server thread/INFO]: Starting Minecraft server on *:25565
[20:12:22] [Server thread/INFO]: Preparing level "world"
[20:12:22] [Server thread/INFO]: Selecting global world spawn...
[20:12:25] [Server thread/INFO]: Loading 0 persistent chunks...
[20:12:25] [Server thread/INFO]: Preparing spawn area: 100%
[20:12:25] [Server thread/INFO]: Time elapsed: 3043 ms
[20:12:25] [Server thread/INFO]: Done (3.232s)! For help, type "help"
[20:12:25] [Server thread/INFO]: Saving chunks for level 'ServerLevel[world]'/minecraft:overworld
[20:12:25] [Server thread/INFO]: Saving chunks for level 'ServerLevel[world]'/minecraft:the_nether
[20:12:25] [Server thread/INFO]: Saving chunks for level 'ServerLevel[world]'/minecraft:the_end
[20:12:25] [Server thread/INFO]: ThreadedAnvilChunkStorage (world): All chunks are saved
[20:12:25] [Server thread/INFO]: ThreadedAnvilChunkStorage (DIM-1): All chunks are saved
[20:12:25] [Server thread/INFO]: ThreadedAnvilChunkStorage (DIM1): All chunks are saved
[20:12:25] [Server thread/INFO]: ThreadedAnvilChunkStorage: All dimensions are saved
[20:13:16] [User Authenticator #1/INFO]: UUID of player SayGabbis is 4f43b56b-fbab-421b-8faa-7c90b1ee609d
[20:13:19] [Server thread/INFO]: SayGabbis[/127.0.0.1:51826] logged in with entity id 5 at (-35.5, 70.0, -9.5)
[20:13:19] [Server thread/INFO]: SayGabbis joined the game
[20:13:35] [Server thread/INFO]: SayGabbis lost connection: Disconnected
[20:13:35] [Server thread/INFO]: SayGabbis left the game
[20:14:35] [Server thread/INFO]: Server empty for 60 seconds, pausing
[20:16:29] [User Authenticator #2/INFO]: UUID of player SayGabbis is 4f43b56b-fbab-421b-8faa-7c90b1ee609d
[20:16:29] [Server thread/INFO]: SayGabbis[/127.0.0.1:61416] logged in with entity id 610 at (-35.02007574935551, 71.0, -2.1834367097297287)
[20:16:29] [Server thread/INFO]: SayGabbis joined the game
[20:18:54] [User Authenticator #3/INFO]: UUID of player YukkaMizu is 3e3c94a3-7ded-4b51-bbcb-74b9059537a5
[20:18:55] [Server thread/INFO]: YukkaMizu[/26.129.207.181:60584] logged in with entity id 1121 at (-30.5, 69.0, 6.5)
[20:18:55] [Server thread/INFO]: YukkaMizu joined the game
[20:19:54] [Server thread/INFO]: SayGabbis has made the advancement [Stone Age]
[20:24:02] [Server thread/INFO]: YukkaMizu has made the advancement [Stone Age]
[20:25:07] [Server thread/INFO]: YukkaMizu has made the advancement [Getting an Upgrade]
[20:25:34] [Server thread/INFO]: SayGabbis has made the advancement [Getting an Upgrade]
[20:26:35] [Server thread/INFO]: SayGabbis has made the advancement [Monster Hunter]
[20:26:44] [Server thread/INFO]: SayGabbis has made the advancement [Acquire Hardware]
[20:28:34] [Server thread/INFO]: YukkaMizu has made the advancement [Monster Hunter]
[20:29:05] [Server thread/INFO]: YukkaMizu lost connection: Disconnected
[20:29:05] [Server thread/INFO]: YukkaMizu left the game
[20:29:08] [Server thread/INFO]: SayGabbis lost connection: Disconnected
[20:29:08] [Server thread/INFO]: SayGabbis left the game
[20:30:08] [Server thread/INFO]: Server empty for 60 seconds, pausing
[20:34:43] [User Authenticator #4/INFO]: UUID of player YukkaMizu is 3e3c94a3-7ded-4b51-bbcb-74b9059537a5
[20:34:44] [Server thread/INFO]: YukkaMizu[/26.129.207.181:57491] logged in with entity id 3665 at (27.282466764421155, 68.0, -78.36688719009483)
[20:34:44] [Server thread/INFO]: YukkaMizu joined the game
[20:34:52] [Server thread/INFO]: YukkaMizu was blown up by Creeper
[20:44:14] [User Authenticator #5/INFO]: UUID of player SayGabbis is 4f43b56b-fbab-421b-8faa-7c90b1ee609d
[20:44:14] [Server thread/INFO]: SayGabbis[/127.0.0.1:58619] logged in with entity id 5912 at (33.06801534602736, 68.49520087700593, -74.74411584592119)
[20:44:14] [Server thread/INFO]: SayGabbis joined the game
[20:58:27] [Server thread/INFO]: SayGabbis lost connection: Disconnected
[20:58:27] [Server thread/INFO]: SayGabbis left the game
[20:58:35] [Server thread/INFO]: Stopping server
[20:58:35] [Server thread/INFO]: Saving players
[20:58:35] [Server thread/INFO]: Saving worlds
[20:58:35] [Server thread/INFO]: Saving chunks for level 'ServerLevel[world]'/minecraft:overworld
[20:58:35] [Server thread/INFO]: Saving chunks for level 'ServerLevel[world]'/minecraft:the_nether
[20:58:35] [Server thread/INFO]: Saving chunks for level 'ServerLevel[world]'/minecraft:the_end
[20:58:35] [Server thread/INFO]: ThreadedAnvilChunkStorage (world): All chunks are saved
[20:58:35] [Server thread/INFO]: ThreadedAnvilChunkStorage (DIM-1): All chunks are saved
[20:58:35] [Server thread/INFO]: ThreadedAnvilChunkStorage (DIM1): All chunks are saved
[20:58:35] [Server thread/INFO]: ThreadedAnvilChunkStorage: All dimensions are saved
